

Microchip Technology PIC LITE Macro Assembler V1.38 build -256452561 
                                                                                               Wed Mar 08 15:41:31 2017

Microchip Technology Omniscient Code Generator v1.38 (Free mode) build 201607010351
     1                           	processor	16F876
     2                           	opt	pw 120
     3                           	opt	lm
     4                           	psect	nvBANK0,global,class=BANK0,space=1,delta=1
     5                           	psect	cinit,global,class=CODE,merge=1,delta=2
     6                           	psect	cstackCOMMON,global,class=COMMON,space=1,delta=1
     7                           	psect	cstackBANK0,global,class=BANK0,space=1,delta=1
     8                           	psect	maintext,global,class=CODE,split=1,delta=2
     9                           	psect	text1,local,class=CODE,merge=1,delta=2
    10                           	psect	text2,local,class=CODE,merge=1,delta=2
    11                           	psect	text3,local,class=CODE,merge=1,delta=2
    12                           	psect	text4,local,class=CODE,merge=1,delta=2
    13                           	psect	text5,local,class=CODE,merge=1,delta=2
    14                           	dabs	1,0x7E,2
    15  0000                     	;# 
    16  0001                     	;# 
    17  0002                     	;# 
    18  0003                     	;# 
    19  0004                     	;# 
    20  0005                     	;# 
    21  0006                     	;# 
    22  0007                     	;# 
    23  000A                     	;# 
    24  000B                     	;# 
    25  000C                     	;# 
    26  000D                     	;# 
    27  000E                     	;# 
    28  000E                     	;# 
    29  000F                     	;# 
    30  0010                     	;# 
    31  0011                     	;# 
    32  0012                     	;# 
    33  0013                     	;# 
    34  0014                     	;# 
    35  0015                     	;# 
    36  0015                     	;# 
    37  0016                     	;# 
    38  0017                     	;# 
    39  0018                     	;# 
    40  0019                     	;# 
    41  001A                     	;# 
    42  001B                     	;# 
    43  001B                     	;# 
    44  001C                     	;# 
    45  001D                     	;# 
    46  001E                     	;# 
    47  001F                     	;# 
    48  0081                     	;# 
    49  0085                     	;# 
    50  0086                     	;# 
    51  0087                     	;# 
    52  008C                     	;# 
    53  008D                     	;# 
    54  008E                     	;# 
    55  0091                     	;# 
    56  0092                     	;# 
    57  0093                     	;# 
    58  0094                     	;# 
    59  0098                     	;# 
    60  0099                     	;# 
    61  009E                     	;# 
    62  009F                     	;# 
    63  010C                     	;# 
    64  010D                     	;# 
    65  010E                     	;# 
    66  010F                     	;# 
    67  018C                     	;# 
    68  018D                     	;# 
    69                           
    70                           	psect	nvBANK0
    71  0023                     __pnvBANK0:	
    72  0023                     _decVal:	
    73  0023                     	ds	2
    74  001F                     _ADCON0	set	31
    75  001E                     _ADRESH	set	30
    76  0006                     _PORTB	set	6
    77  00FA                     _GO_DONE	set	250
    78  009F                     _ADCON1	set	159
    79  0085                     _TRISA	set	133
    80  0086                     _TRISB	set	134
    81                           
    82                           ; #config settings
    83  0000                     
    84                           	psect	cinit
    85  07FC                     start_initialization:	
    86  07FC                     __initialization:	
    87  07FC                     end_of_initialization:	
    88                           ;End of C runtime variable initialization code
    89                           
    90  07FC                     __end_of__initialization:	
    91  07FC  0183               	clrf	3
    92  07FD  120A  118A  2F9C   	ljmp	_main	;jump to C main() function
    93                           
    94                           	psect	cstackCOMMON
    95  0070                     __pcstackCOMMON:	
    96  0070                     ?_Init:	
    97  0070                     ??_Init:	
    98                           ; 1 bytes @ 0x0
    99                           
   100  0070                     ?_AN0Read:	
   101                           ; 1 bytes @ 0x0
   102                           
   103  0070                     ?_main:	
   104                           ; 2 bytes @ 0x0
   105                           
   106  0070                     ?___lwdiv:	
   107                           ; 2 bytes @ 0x0
   108                           
   109  0070                     ___lwdiv@divisor:	
   110                           ; 2 bytes @ 0x0
   111                           
   112                           
   113                           ; 2 bytes @ 0x0
   114  0070                     	ds	2
   115  0072                     ??_AN0Read:	
   116  0072                     ___lwdiv@dividend:	
   117                           ; 1 bytes @ 0x2
   118                           
   119                           
   120                           ; 2 bytes @ 0x2
   121  0072                     	ds	2
   122  0074                     ??___lwdiv:	
   123  0074                     ?___wmul:	
   124                           ; 1 bytes @ 0x4
   125                           
   126  0074                     ___wmul@multiplier:	
   127                           ; 2 bytes @ 0x4
   128                           
   129                           
   130                           ; 2 bytes @ 0x4
   131  0074                     	ds	1
   132  0075                     ___lwdiv@quotient:	
   133                           
   134                           ; 2 bytes @ 0x5
   135  0075                     	ds	1
   136  0076                     ___wmul@multiplicand:	
   137                           
   138                           ; 2 bytes @ 0x6
   139  0076                     	ds	1
   140  0077                     ___lwdiv@counter:	
   141                           
   142                           ; 1 bytes @ 0x7
   143  0077                     	ds	1
   144  0078                     ??___wmul:	
   145  0078                     ?___lwmod:	
   146                           ; 1 bytes @ 0x8
   147                           
   148  0078                     ___wmul@product:	
   149                           ; 2 bytes @ 0x8
   150                           
   151  0078                     ___lwmod@divisor:	
   152                           ; 2 bytes @ 0x8
   153                           
   154                           
   155                           ; 2 bytes @ 0x8
   156  0078                     	ds	2
   157  007A                     ___lwmod@dividend:	
   158                           
   159                           ; 2 bytes @ 0xA
   160  007A                     	ds	2
   161  007C                     ??___lwmod:	
   162                           
   163                           ; 1 bytes @ 0xC
   164  007C                     	ds	1
   165  007D                     ___lwmod@counter:	
   166                           
   167                           ; 1 bytes @ 0xD
   168  007D                     	ds	1
   169                           
   170                           	psect	cstackBANK0
   171  0020                     __pcstackBANK0:	
   172  0020                     ??_main:	
   173                           
   174                           ; 1 bytes @ 0x0
   175  0020                     	ds	3
   176                           
   177                           	psect	maintext
   178  079C                     __pmaintext:	
   179 ;;
   180 ;;Main: autosize = 0, tempsize = 3, incstack = 0, save=0
   181 ;;
   182 ;; *************** function _main *****************
   183 ;; Defined at:
   184 ;;		line 55 in file "main.c"
   185 ;; Parameters:    Size  Location     Type
   186 ;;		None
   187 ;; Auto vars:     Size  Location     Type
   188 ;;		None
   189 ;; Return value:  Size  Location     Type
   190 ;;                  2   26[None  ] int 
   191 ;; Registers used:
   192 ;;		wreg, status,2, status,0, pclath, cstack
   193 ;; Tracked objects:
   194 ;;		On entry : B00/0
   195 ;;		On exit  : 0/0
   196 ;;		Unchanged: 0/0
   197 ;; Data sizes:     COMMON   BANK0   BANK1   BANK3   BANK2
   198 ;;      Params:         0       0       0       0       0
   199 ;;      Locals:         0       0       0       0       0
   200 ;;      Temps:          0       3       0       0       0
   201 ;;      Totals:         0       3       0       0       0
   202 ;;Total ram usage:        3 bytes
   203 ;; Hardware stack levels required when called:    1
   204 ;; This function calls:
   205 ;;		_AN0Read
   206 ;;		_Init
   207 ;;		___lwdiv
   208 ;;		___lwmod
   209 ;;		___wmul
   210 ;; This function is called by:
   211 ;;		Startup code after reset
   212 ;; This function uses a non-reentrant model
   213 ;;
   214                           
   215                           
   216                           ;psect for function _main
   217  079C                     _main:	
   218                           
   219                           ;main.c: 56: Init();
   220                           
   221                           ;incstack = 0
   222                           ; Regs used in _main: [wreg+status,2+status,0+pclath+cstack]
   223  079C  120A  118A  26E4  120A  118A  	fcall	_Init
   224  07A1                     l27:	
   225                           ;main.c: 57: while(1){
   226                           
   227                           
   228                           ;main.c: 58: decVal=(AN0Read()*80)/256;
   229  07A1  120A  118A  26F2  120A  118A  	fcall	_AN0Read
   230  07A6  0871               	movf	?_AN0Read+1,w
   231  07A7  00F5               	movwf	___wmul@multiplier+1
   232  07A8  0870               	movf	?_AN0Read,w
   233  07A9  00F4               	movwf	___wmul@multiplier
   234  07AA  3050               	movlw	80
   235  07AB  00F6               	movwf	___wmul@multiplicand
   236  07AC  3000               	movlw	0
   237  07AD  00F7               	movwf	___wmul@multiplicand+1
   238  07AE  120A  118A  270D  120A  118A  	fcall	___wmul
   239  07B3  0874               	movf	?___wmul,w
   240  07B4  1283               	bcf	3,5	;RP0=0, select bank0
   241  07B5  1303               	bcf	3,6	;RP1=0, select bank0
   242  07B6  00A0               	movwf	??_main
   243  07B7  0875               	movf	?___wmul+1,w
   244  07B8  00A1               	movwf	??_main+1
   245  07B9  0821               	movf	??_main+1,w
   246  07BA  00A0               	movwf	??_main
   247  07BB  01A1               	clrf	??_main+1
   248  07BC  0820               	movf	??_main,w
   249  07BD  00A3               	movwf	_decVal
   250  07BE  0821               	movf	??_main+1,w
   251  07BF  00A4               	movwf	_decVal+1
   252                           
   253                           ;main.c: 59: PORTB=(decVal%10)<<4|((decVal/10)%10);
   254  07C0  300A               	movlw	10
   255  07C1  00F8               	movwf	___lwmod@divisor
   256  07C2  3000               	movlw	0
   257  07C3  00F9               	movwf	___lwmod@divisor+1
   258  07C4  300A               	movlw	10
   259  07C5  00F0               	movwf	___lwdiv@divisor
   260  07C6  3000               	movlw	0
   261  07C7  00F1               	movwf	___lwdiv@divisor+1
   262  07C8  0824               	movf	_decVal+1,w
   263  07C9  00F3               	movwf	___lwdiv@dividend+1
   264  07CA  0823               	movf	_decVal,w
   265  07CB  00F2               	movwf	___lwdiv@dividend
   266  07CC  120A  118A  2760  120A  118A  	fcall	___lwdiv
   267  07D1  0871               	movf	?___lwdiv+1,w
   268  07D2  00FB               	movwf	___lwmod@dividend+1
   269  07D3  0870               	movf	?___lwdiv,w
   270  07D4  00FA               	movwf	___lwmod@dividend
   271  07D5  120A  118A  272E  120A  118A  	fcall	___lwmod
   272  07DA  0878               	movf	?___lwmod,w
   273  07DB  1283               	bcf	3,5	;RP0=0, select bank0
   274  07DC  1303               	bcf	3,6	;RP1=0, select bank0
   275  07DD  00A0               	movwf	??_main
   276  07DE  0879               	movf	?___lwmod+1,w
   277  07DF  00A1               	movwf	??_main+1
   278  07E0  300A               	movlw	10
   279  07E1  00F8               	movwf	___lwmod@divisor
   280  07E2  3000               	movlw	0
   281  07E3  00F9               	movwf	___lwmod@divisor+1
   282  07E4  0824               	movf	_decVal+1,w
   283  07E5  00FB               	movwf	___lwmod@dividend+1
   284  07E6  0823               	movf	_decVal,w
   285  07E7  00FA               	movwf	___lwmod@dividend
   286  07E8  120A  118A  272E  120A  118A  	fcall	___lwmod
   287  07ED  0878               	movf	?___lwmod,w
   288  07EE  1283               	bcf	3,5	;RP0=0, select bank0
   289  07EF  1303               	bcf	3,6	;RP1=0, select bank0
   290  07F0  00A2               	movwf	??_main+2
   291  07F1  3003               	movlw	3
   292  07F2                     u365:	
   293  07F2  1003               	clrc
   294  07F3  0DA2               	rlf	??_main+2,f
   295  07F4  3EFF               	addlw	-1
   296  07F5  1D03               	skipz
   297  07F6  2FF2               	goto	u365
   298  07F7  1003               	clrc
   299  07F8  0D22               	rlf	??_main+2,w
   300  07F9  0420               	iorwf	??_main,w
   301  07FA  0086               	movwf	6	;volatile
   302  07FB  2FA1               	goto	l27
   303  07FC                     __end_of_main:	
   304                           ;main.c: 61: }
   305                           ;main.c: 62: return 0;
   306                           ;	Return value of _main is never used
   307                           
   308                           
   309                           	psect	text1
   310  070D                     __ptext1:	
   311 ;; *************** function ___wmul *****************
   312 ;; Defined at:
   313 ;;		line 15 in file "C:\Program Files (x86)\Microchip\xc8\v1.38\sources\common\Umul16.c"
   314 ;; Parameters:    Size  Location     Type
   315 ;;  multiplier      2    4[COMMON] unsigned int 
   316 ;;  multiplicand    2    6[COMMON] unsigned int 
   317 ;; Auto vars:     Size  Location     Type
   318 ;;  product         2    8[COMMON] unsigned int 
   319 ;; Return value:  Size  Location     Type
   320 ;;                  2    4[COMMON] unsigned int 
   321 ;; Registers used:
   322 ;;		wreg, status,2, status,0
   323 ;; Tracked objects:
   324 ;;		On entry : 0/0
   325 ;;		On exit  : 0/0
   326 ;;		Unchanged: 0/0
   327 ;; Data sizes:     COMMON   BANK0   BANK1   BANK3   BANK2
   328 ;;      Params:         4       0       0       0       0
   329 ;;      Locals:         2       0       0       0       0
   330 ;;      Temps:          0       0       0       0       0
   331 ;;      Totals:         6       0       0       0       0
   332 ;;Total ram usage:        6 bytes
   333 ;; Hardware stack levels used:    1
   334 ;; This function calls:
   335 ;;		Nothing
   336 ;; This function is called by:
   337 ;;		_main
   338 ;; This function uses a non-reentrant model
   339 ;;
   340                           
   341                           
   342                           ;psect for function ___wmul
   343  070D                     ___wmul:	
   344                           
   345                           ;incstack = 0
   346                           ; Regs used in ___wmul: [wreg+status,2+status,0]
   347  070D  01F8               	clrf	___wmul@product
   348  070E  01F9               	clrf	___wmul@product+1
   349  070F                     l584:	
   350  070F  1C74               	btfss	___wmul@multiplier,0
   351  0710  2F17               	goto	l114
   352  0711  0876               	movf	___wmul@multiplicand,w
   353  0712  07F8               	addwf	___wmul@product,f
   354  0713  1803               	skipnc
   355  0714  0AF9               	incf	___wmul@product+1,f
   356  0715  0877               	movf	___wmul@multiplicand+1,w
   357  0716  07F9               	addwf	___wmul@product+1,f
   358  0717                     l114:	
   359  0717  3001               	movlw	1
   360  0718                     u205:	
   361  0718  1003               	clrc
   362  0719  0DF6               	rlf	___wmul@multiplicand,f
   363  071A  0DF7               	rlf	___wmul@multiplicand+1,f
   364  071B  3EFF               	addlw	-1
   365  071C  1D03               	skipz
   366  071D  2F18               	goto	u205
   367  071E  3001               	movlw	1
   368  071F                     u215:	
   369  071F  1003               	clrc
   370  0720  0CF5               	rrf	___wmul@multiplier+1,f
   371  0721  0CF4               	rrf	___wmul@multiplier,f
   372  0722  3EFF               	addlw	-1
   373  0723  1D03               	skipz
   374  0724  2F1F               	goto	u215
   375  0725  0874               	movf	___wmul@multiplier,w
   376  0726  0475               	iorwf	___wmul@multiplier+1,w
   377  0727  1D03               	btfss	3,2
   378  0728  2F0F               	goto	l584
   379  0729  0879               	movf	___wmul@product+1,w
   380  072A  00F5               	movwf	?___wmul+1
   381  072B  0878               	movf	___wmul@product,w
   382  072C  00F4               	movwf	?___wmul
   383  072D  0008               	return
   384  072E                     __end_of___wmul:	
   385                           
   386                           	psect	text2
   387  072E                     __ptext2:	
   388 ;; *************** function ___lwmod *****************
   389 ;; Defined at:
   390 ;;		line 6 in file "C:\Program Files (x86)\Microchip\xc8\v1.38\sources\common\lwmod.c"
   391 ;; Parameters:    Size  Location     Type
   392 ;;  divisor         2    8[COMMON] unsigned int 
   393 ;;  dividend        2   10[COMMON] unsigned int 
   394 ;; Auto vars:     Size  Location     Type
   395 ;;  counter         1   13[COMMON] unsigned char 
   396 ;; Return value:  Size  Location     Type
   397 ;;                  2    8[COMMON] unsigned int 
   398 ;; Registers used:
   399 ;;		wreg, status,2, status,0
   400 ;; Tracked objects:
   401 ;;		On entry : 0/0
   402 ;;		On exit  : 0/0
   403 ;;		Unchanged: 0/0
   404 ;; Data sizes:     COMMON   BANK0   BANK1   BANK3   BANK2
   405 ;;      Params:         4       0       0       0       0
   406 ;;      Locals:         1       0       0       0       0
   407 ;;      Temps:          1       0       0       0       0
   408 ;;      Totals:         6       0       0       0       0
   409 ;;Total ram usage:        6 bytes
   410 ;; Hardware stack levels used:    1
   411 ;; This function calls:
   412 ;;		Nothing
   413 ;; This function is called by:
   414 ;;		_main
   415 ;; This function uses a non-reentrant model
   416 ;;
   417                           
   418                           
   419                           ;psect for function ___lwmod
   420  072E                     ___lwmod:	
   421                           
   422                           ;incstack = 0
   423                           ; Regs used in ___lwmod: [wreg+status,2+status,0]
   424  072E  0878               	movf	___lwmod@divisor,w
   425  072F  0479               	iorwf	___lwmod@divisor+1,w
   426  0730  1903               	btfsc	3,2
   427  0731  2F5B               	goto	l640
   428  0732  01FD               	clrf	___lwmod@counter
   429  0733  0AFD               	incf	___lwmod@counter,f
   430  0734                     l630:	
   431  0734  1BF9               	btfsc	___lwmod@divisor+1,7
   432  0735  2F42               	goto	l632
   433  0736  3001               	movlw	1
   434  0737                     u315:	
   435  0737  1003               	clrc
   436  0738  0DF8               	rlf	___lwmod@divisor,f
   437  0739  0DF9               	rlf	___lwmod@divisor+1,f
   438  073A  3EFF               	addlw	-1
   439  073B  1D03               	skipz
   440  073C  2F37               	goto	u315
   441  073D  3001               	movlw	1
   442  073E  00FC               	movwf	??___lwmod
   443  073F  087C               	movf	??___lwmod,w
   444  0740  07FD               	addwf	___lwmod@counter,f
   445  0741  2F34               	goto	l630
   446  0742                     l632:	
   447  0742  0879               	movf	___lwmod@divisor+1,w
   448  0743  027B               	subwf	___lwmod@dividend+1,w
   449  0744  1D03               	skipz
   450  0745  2F48               	goto	u335
   451  0746  0878               	movf	___lwmod@divisor,w
   452  0747  027A               	subwf	___lwmod@dividend,w
   453  0748                     u335:	
   454  0748  1C03               	skipc
   455  0749  2F50               	goto	l636
   456  074A  0878               	movf	___lwmod@divisor,w
   457  074B  02FA               	subwf	___lwmod@dividend,f
   458  074C  0879               	movf	___lwmod@divisor+1,w
   459  074D  1C03               	skipc
   460  074E  03FB               	decf	___lwmod@dividend+1,f
   461  074F  02FB               	subwf	___lwmod@dividend+1,f
   462  0750                     l636:	
   463  0750  3001               	movlw	1
   464  0751                     u345:	
   465  0751  1003               	clrc
   466  0752  0CF9               	rrf	___lwmod@divisor+1,f
   467  0753  0CF8               	rrf	___lwmod@divisor,f
   468  0754  3EFF               	addlw	-1
   469  0755  1D03               	skipz
   470  0756  2F51               	goto	u345
   471  0757  3001               	movlw	1
   472  0758  02FD               	subwf	___lwmod@counter,f
   473  0759  1D03               	btfss	3,2
   474  075A  2F42               	goto	l632
   475  075B                     l640:	
   476  075B  087B               	movf	___lwmod@dividend+1,w
   477  075C  00F9               	movwf	?___lwmod+1
   478  075D  087A               	movf	___lwmod@dividend,w
   479  075E  00F8               	movwf	?___lwmod
   480  075F  0008               	return
   481  0760                     __end_of___lwmod:	
   482                           
   483                           	psect	text3
   484  0760                     __ptext3:	
   485 ;; *************** function ___lwdiv *****************
   486 ;; Defined at:
   487 ;;		line 6 in file "C:\Program Files (x86)\Microchip\xc8\v1.38\sources\common\lwdiv.c"
   488 ;; Parameters:    Size  Location     Type
   489 ;;  divisor         2    0[COMMON] unsigned int 
   490 ;;  dividend        2    2[COMMON] unsigned int 
   491 ;; Auto vars:     Size  Location     Type
   492 ;;  quotient        2    5[COMMON] unsigned int 
   493 ;;  counter         1    7[COMMON] unsigned char 
   494 ;; Return value:  Size  Location     Type
   495 ;;                  2    0[COMMON] unsigned int 
   496 ;; Registers used:
   497 ;;		wreg, status,2, status,0
   498 ;; Tracked objects:
   499 ;;		On entry : 0/0
   500 ;;		On exit  : 0/0
   501 ;;		Unchanged: 0/0
   502 ;; Data sizes:     COMMON   BANK0   BANK1   BANK3   BANK2
   503 ;;      Params:         4       0       0       0       0
   504 ;;      Locals:         3       0       0       0       0
   505 ;;      Temps:          1       0       0       0       0
   506 ;;      Totals:         8       0       0       0       0
   507 ;;Total ram usage:        8 bytes
   508 ;; Hardware stack levels used:    1
   509 ;; This function calls:
   510 ;;		Nothing
   511 ;; This function is called by:
   512 ;;		_main
   513 ;; This function uses a non-reentrant model
   514 ;;
   515                           
   516                           
   517                           ;psect for function ___lwdiv
   518  0760                     ___lwdiv:	
   519                           
   520                           ;incstack = 0
   521                           ; Regs used in ___lwdiv: [wreg+status,2+status,0]
   522  0760  01F5               	clrf	___lwdiv@quotient
   523  0761  01F6               	clrf	___lwdiv@quotient+1
   524  0762  0870               	movf	___lwdiv@divisor,w
   525  0763  0471               	iorwf	___lwdiv@divisor+1,w
   526  0764  1903               	btfsc	3,2
   527  0765  2F97               	goto	l618
   528  0766  01F7               	clrf	___lwdiv@counter
   529  0767  0AF7               	incf	___lwdiv@counter,f
   530  0768                     l606:	
   531  0768  1BF1               	btfsc	___lwdiv@divisor+1,7
   532  0769  2F76               	goto	l608
   533  076A  3001               	movlw	1
   534  076B                     u245:	
   535  076B  1003               	clrc
   536  076C  0DF0               	rlf	___lwdiv@divisor,f
   537  076D  0DF1               	rlf	___lwdiv@divisor+1,f
   538  076E  3EFF               	addlw	-1
   539  076F  1D03               	skipz
   540  0770  2F6B               	goto	u245
   541  0771  3001               	movlw	1
   542  0772  00F4               	movwf	??___lwdiv
   543  0773  0874               	movf	??___lwdiv,w
   544  0774  07F7               	addwf	___lwdiv@counter,f
   545  0775  2F68               	goto	l606
   546  0776                     l608:	
   547  0776  3001               	movlw	1
   548  0777                     u265:	
   549  0777  1003               	clrc
   550  0778  0DF5               	rlf	___lwdiv@quotient,f
   551  0779  0DF6               	rlf	___lwdiv@quotient+1,f
   552  077A  3EFF               	addlw	-1
   553  077B  1D03               	skipz
   554  077C  2F77               	goto	u265
   555  077D  0871               	movf	___lwdiv@divisor+1,w
   556  077E  0273               	subwf	___lwdiv@dividend+1,w
   557  077F  1D03               	skipz
   558  0780  2F83               	goto	u275
   559  0781  0870               	movf	___lwdiv@divisor,w
   560  0782  0272               	subwf	___lwdiv@dividend,w
   561  0783                     u275:	
   562  0783  1C03               	skipc
   563  0784  2F8C               	goto	l614
   564  0785  0870               	movf	___lwdiv@divisor,w
   565  0786  02F2               	subwf	___lwdiv@dividend,f
   566  0787  0871               	movf	___lwdiv@divisor+1,w
   567  0788  1C03               	skipc
   568  0789  03F3               	decf	___lwdiv@dividend+1,f
   569  078A  02F3               	subwf	___lwdiv@dividend+1,f
   570  078B  1475               	bsf	___lwdiv@quotient,0
   571  078C                     l614:	
   572  078C  3001               	movlw	1
   573  078D                     u285:	
   574  078D  1003               	clrc
   575  078E  0CF1               	rrf	___lwdiv@divisor+1,f
   576  078F  0CF0               	rrf	___lwdiv@divisor,f
   577  0790  3EFF               	addlw	-1
   578  0791  1D03               	skipz
   579  0792  2F8D               	goto	u285
   580  0793  3001               	movlw	1
   581  0794  02F7               	subwf	___lwdiv@counter,f
   582  0795  1D03               	btfss	3,2
   583  0796  2F76               	goto	l608
   584  0797                     l618:	
   585  0797  0876               	movf	___lwdiv@quotient+1,w
   586  0798  00F1               	movwf	?___lwdiv+1
   587  0799  0875               	movf	___lwdiv@quotient,w
   588  079A  00F0               	movwf	?___lwdiv
   589  079B  0008               	return
   590  079C                     __end_of___lwdiv:	
   591                           
   592                           	psect	text4
   593  06E4                     __ptext4:	
   594 ;; *************** function _Init *****************
   595 ;; Defined at:
   596 ;;		line 27 in file "main.c"
   597 ;; Parameters:    Size  Location     Type
   598 ;;		None
   599 ;; Auto vars:     Size  Location     Type
   600 ;;		None
   601 ;; Return value:  Size  Location     Type
   602 ;;                  1    wreg      void 
   603 ;; Registers used:
   604 ;;		wreg, status,2
   605 ;; Tracked objects:
   606 ;;		On entry : 0/0
   607 ;;		On exit  : 0/0
   608 ;;		Unchanged: 0/0
   609 ;; Data sizes:     COMMON   BANK0   BANK1   BANK3   BANK2
   610 ;;      Params:         0       0       0       0       0
   611 ;;      Locals:         0       0       0       0       0
   612 ;;      Temps:          0       0       0       0       0
   613 ;;      Totals:         0       0       0       0       0
   614 ;;Total ram usage:        0 bytes
   615 ;; Hardware stack levels used:    1
   616 ;; This function calls:
   617 ;;		Nothing
   618 ;; This function is called by:
   619 ;;		_main
   620 ;; This function uses a non-reentrant model
   621 ;;
   622                           
   623                           
   624                           ;psect for function _Init
   625  06E4                     _Init:	
   626                           
   627                           ;main.c: 34: TRISA=0b11111111;
   628                           
   629                           ;incstack = 0
   630                           ; Regs used in _Init: [wreg+status,2]
   631  06E4  30FF               	movlw	255
   632  06E5  1683               	bsf	3,5	;RP0=1, select bank1
   633  06E6  1303               	bcf	3,6	;RP1=0, select bank1
   634  06E7  0085               	movwf	5	;volatile
   635                           
   636                           ;main.c: 35: TRISB=0;
   637  06E8  0186               	clrf	6	;volatile
   638                           
   639                           ;main.c: 37: ADCON0=0b10000001;
   640  06E9  3081               	movlw	129
   641  06EA  1283               	bcf	3,5	;RP0=0, select bank0
   642  06EB  1303               	bcf	3,6	;RP1=0, select bank0
   643  06EC  009F               	movwf	31	;volatile
   644                           
   645                           ;main.c: 39: ADCON1=0b01001110;
   646  06ED  304E               	movlw	78
   647  06EE  1683               	bsf	3,5	;RP0=1, select bank1
   648  06EF  1303               	bcf	3,6	;RP1=0, select bank1
   649  06F0  009F               	movwf	31	;volatile
   650  06F1  0008               	return
   651  06F2                     __end_of_Init:	
   652                           
   653                           	psect	text5
   654  06F2                     __ptext5:	
   655 ;; *************** function _AN0Read *****************
   656 ;; Defined at:
   657 ;;		line 43 in file "main.c"
   658 ;; Parameters:    Size  Location     Type
   659 ;;		None
   660 ;; Auto vars:     Size  Location     Type
   661 ;;		None
   662 ;; Return value:  Size  Location     Type
   663 ;;                  2    0[COMMON] unsigned int 
   664 ;; Registers used:
   665 ;;		wreg
   666 ;; Tracked objects:
   667 ;;		On entry : 0/0
   668 ;;		On exit  : 0/0
   669 ;;		Unchanged: 0/0
   670 ;; Data sizes:     COMMON   BANK0   BANK1   BANK3   BANK2
   671 ;;      Params:         2       0       0       0       0
   672 ;;      Locals:         0       0       0       0       0
   673 ;;      Temps:          2       0       0       0       0
   674 ;;      Totals:         4       0       0       0       0
   675 ;;Total ram usage:        4 bytes
   676 ;; Hardware stack levels used:    1
   677 ;; This function calls:
   678 ;;		Nothing
   679 ;; This function is called by:
   680 ;;		_main
   681 ;; This function uses a non-reentrant model
   682 ;;
   683                           
   684                           
   685                           ;psect for function _AN0Read
   686  06F2                     _AN0Read:	
   687                           
   688                           ;main.c: 49: _delay((unsigned long)((1)*(4000000/4000.0)));
   689                           
   690                           ;incstack = 0
   691                           ; Regs used in _AN0Read: [wreg]
   692  06F2  30F9               	movlw	249
   693  06F3  00F2               	movwf	??_AN0Read
   694  06F4                     u377:	
   695  06F4  0000               	nop
   696  06F5  0BF2               	decfsz	??_AN0Read,f
   697  06F6  2EF4               	goto	u377
   698  06F7  2EF8               	nop2	;nop
   699  06F8  0000               	nop
   700                           
   701                           ;main.c: 50: GO_DONE=1;
   702  06F9  1283               	bcf	3,5	;RP0=0, select bank0
   703  06FA  1303               	bcf	3,6	;RP1=0, select bank0
   704  06FB  151F               	bsf	31,2	;volatile
   705                           
   706                           ;main.c: 51: _delay((unsigned long)((1)*(4000000/4000.0)));
   707  06FC  30F9               	movlw	249
   708  06FD  00F2               	movwf	??_AN0Read
   709  06FE                     u387:	
   710  06FE  0000               	nop
   711  06FF  0BF2               	decfsz	??_AN0Read,f
   712  0700  2EFE               	goto	u387
   713  0701  2F02               	nop2	;nop
   714  0702  0000               	nop
   715                           
   716                           ;main.c: 52: return ADRESH;
   717  0703  1283               	bcf	3,5	;RP0=0, select bank0
   718  0704  1303               	bcf	3,6	;RP1=0, select bank0
   719  0705  081E               	movf	30,w	;volatile
   720  0706  00F2               	movwf	??_AN0Read
   721  0707  01F3               	clrf	??_AN0Read+1
   722  0708  0872               	movf	??_AN0Read,w
   723  0709  00F0               	movwf	?_AN0Read
   724  070A  0873               	movf	??_AN0Read+1,w
   725  070B  00F1               	movwf	?_AN0Read+1
   726  070C  0008               	return
   727  070D                     __end_of_AN0Read:	
   728  007E                     btemp	set	126	;btemp
   729  007E                     wtemp	set	126
   730  007E                     wtemp0	set	126
   731  0080                     wtemp1	set	128
   732  0082                     wtemp2	set	130
   733  0084                     wtemp3	set	132
   734  0086                     wtemp4	set	134
   735  0088                     wtemp5	set	136
   736  007F                     wtemp6	set	127
   737  007E                     ttemp	set	126
   738  007E                     ttemp0	set	126
   739  0081                     ttemp1	set	129
   740  0084                     ttemp2	set	132
   741  0087                     ttemp3	set	135
   742  007F                     ttemp4	set	127
   743  007E                     ltemp	set	126
   744  007E                     ltemp0	set	126
   745  0082                     ltemp1	set	130
   746  0086                     ltemp2	set	134
   747  0080                     ltemp3	set	128


Data Sizes:
    Strings     0
    Constant    0
    Data        0
    BSS         0
    Persistent  2
    Stack       0

Auto Spaces:
    Space          Size  Autos    Used
    COMMON           14     14      14
    BANK0            80      3       5
    BANK1            80      0       0
    BANK3            96      0       0
    BANK2            96      0       0

Pointer List with Targets:

    None.

Critical Paths under _main in COMMON

    _main->___lwmod
    ___wmul->_AN0Read
    ___lwmod->___lwdiv

Critical Paths under _main in BANK0

    None.

Critical Paths under _main in BANK1

    None.

Critical Paths under _main in BANK3

    None.

Critical Paths under _main in BANK2

    None.

Call Graph Tables:

 ---------------------------------------------------------------------------------
 (Depth) Function   	        Calls       Base Space   Used Autos Params    Refs
 ---------------------------------------------------------------------------------
 (0) _main                                                 3     3      0     837
                                              0 BANK0      3     3      0
                            _AN0Read
                               _Init
                            ___lwdiv
                            ___lwmod
                             ___wmul
 ---------------------------------------------------------------------------------
 (1) ___wmul                                               6     2      4     198
                                              4 COMMON     6     2      4
                            _AN0Read (ARG)
 ---------------------------------------------------------------------------------
 (1) ___lwmod                                              6     2      4     371
                                              8 COMMON     6     2      4
                            ___lwdiv (ARG)
 ---------------------------------------------------------------------------------
 (1) ___lwdiv                                              8     4      4     268
                                              0 COMMON     8     4      4
 ---------------------------------------------------------------------------------
 (1) _Init                                                 0     0      0       0
 ---------------------------------------------------------------------------------
 (1) _AN0Read                                              4     2      2       0
                                              0 COMMON     4     2      2
 ---------------------------------------------------------------------------------
 Estimated maximum stack depth 1
 ---------------------------------------------------------------------------------

 Call Graph Graphs:

 _main (ROOT)
   _AN0Read
   _Init
   ___lwdiv
   ___lwmod
     ___lwdiv (ARG)
   ___wmul
     _AN0Read (ARG)

 Address spaces:
Name               Size   Autos  Total    Cost      Usage
BITCOMMON            E      0       0       0        0.0%
EEDATA             100      0       0       0        0.0%
NULL                 0      0       0       0        0.0%
CODE                 0      0       0       0        0.0%
COMMON               E      E       E       1      100.0%
BITSFR0              0      0       0       1        0.0%
SFR0                 0      0       0       1        0.0%
BITSFR1              0      0       0       2        0.0%
SFR1                 0      0       0       2        0.0%
STACK                0      0       0       2        0.0%
ABS                  0      0      13       3        0.0%
BITBANK0            50      0       0       4        0.0%
BITSFR3              0      0       0       4        0.0%
SFR3                 0      0       0       4        0.0%
BANK0               50      3       5       5        6.3%
BITSFR2              0      0       0       5        0.0%
SFR2                 0      0       0       5        0.0%
BITBANK1            50      0       0       6        0.0%
BANK1               50      0       0       7        0.0%
BITBANK3            60      0       0       8        0.0%
BANK3               60      0       0       9        0.0%
BITBANK2            60      0       0      10        0.0%
BANK2               60      0       0      11        0.0%
DATA                 0      0      13      12        0.0%


Microchip Technology PIC Macro Assembler V1.38 build -256452561 
Symbol Table                                                                                   Wed Mar 08 15:41:31 2017

                     l27 07A1      ___wmul@multiplicand 0076                      l114 0717  
                    l614 078C                      l606 0768                      l630 0734  
                    l608 0776                      l632 0742                      l640 075B  
                    l618 0797                      l636 0750                      l584 070F  
                    u205 0718                      u215 071F                      u315 0737  
                    u245 076B                      u335 0748                      u265 0777  
                    u345 0751                      u275 0783                      u285 078D  
                    u365 07F2                      u377 06F4                      u387 06FE  
        __end_of_AN0Read 070D             __CFG_FOSC$XT 0000                     _Init 06E4  
                   _main 079C                     btemp 007E                     ltemp 007E  
                   start 0000                     ttemp 007E                     wtemp 007E  
                  ?_Init 0070                    ?_main 0070            __CFG_WDTE$OFF 0000  
        __end_of___lwdiv 079C          __end_of___lwmod 0760                    _PORTB 0006  
                  _TRISA 0085                    _TRISB 0086                    ltemp0 007E  
                  ltemp1 0082                    ltemp2 0086                    ltemp3 0080  
                  ttemp0 007E                    ttemp1 0081                    ttemp2 0084  
                  ttemp3 0087                    ttemp4 007F                    status 0003  
                  wtemp0 007E                    wtemp1 0080                    wtemp2 0082  
                  wtemp3 0084                    wtemp4 0086                    wtemp5 0088  
                  wtemp6 007F          __initialization 07FC             __end_of_Init 06F2  
           __end_of_main 07FC                ??_AN0Read 0072                   ??_Init 0070  
                 ??_main 0020                   _ADCON0 001F                   _ADCON1 009F  
                 _ADRESH 001E                   _decVal 0023                   ___wmul 070D  
              ??___lwdiv 0074                ??___lwmod 007C  __end_of__initialization 07FC  
         __pcstackCOMMON 0070               __pmaintext 079C                  ?___wmul 0074  
                _AN0Read 06F2                  _GO_DONE 00FA          __size_of___wmul 0021  
                ___lwdiv 0760                  ___lwmod 072E                  __ptext1 070D  
                __ptext2 072E                  __ptext3 0760                  __ptext4 06E4  
                __ptext5 06F2     end_of_initialization 07FC           __end_of___wmul 072E  
    start_initialization 07FC                 ??___wmul 0078                 ?_AN0Read 0070  
              ___latbits 0002            __pcstackBANK0 0020                __pnvBANK0 0023  
       ___lwdiv@dividend 0072                 ?___lwdiv 0070                 ?___lwmod 0078  
       ___lwdiv@quotient 0075           ___wmul@product 0078         __size_of_AN0Read 001B  
      ___wmul@multiplier 0074         __size_of___lwdiv 003C         __size_of___lwmod 0032  
        ___lwdiv@divisor 0070          ___lwdiv@counter 0077            __size_of_Init 000E  
          __size_of_main 0060         ___lwmod@dividend 007A          ___lwmod@divisor 0078  
        ___lwmod@counter 007D  
